0 info it worked if it ends with ok
1 verbose cli [ '/usr/local/Cellar/node/6.3.1/bin/node',
1 verbose cli   '/usr/local/bin/npm',
1 verbose cli   'install',
1 verbose cli   '--sav',
1 verbose cli   'dev',
1 verbose cli   'webpack' ]
2 info using npm@3.10.3
3 info using node@v6.3.1
4 silly loadCurrentTree Starting
5 silly install loadCurrentTree
6 silly install readLocalPackageData
7 silly fetchPackageMetaData dev
8 silly fetchPackageMetaData webpack
9 silly fetchNamedPackageData dev
10 silly mapToRegistry name dev
11 silly mapToRegistry using default registry
12 silly mapToRegistry registry https://registry.npmjs.org/
13 silly mapToRegistry data Result {
13 silly mapToRegistry   raw: 'dev',
13 silly mapToRegistry   scope: null,
13 silly mapToRegistry   escapedName: 'dev',
13 silly mapToRegistry   name: 'dev',
13 silly mapToRegistry   rawSpec: '',
13 silly mapToRegistry   spec: 'latest',
13 silly mapToRegistry   type: 'tag' }
14 silly mapToRegistry uri https://registry.npmjs.org/dev
15 silly fetchNamedPackageData webpack
16 silly mapToRegistry name webpack
17 silly mapToRegistry using default registry
18 silly mapToRegistry registry https://registry.npmjs.org/
19 silly mapToRegistry data Result {
19 silly mapToRegistry   raw: 'webpack',
19 silly mapToRegistry   scope: null,
19 silly mapToRegistry   escapedName: 'webpack',
19 silly mapToRegistry   name: 'webpack',
19 silly mapToRegistry   rawSpec: '',
19 silly mapToRegistry   spec: 'latest',
19 silly mapToRegistry   type: 'tag' }
20 silly mapToRegistry uri https://registry.npmjs.org/webpack
21 verbose request uri https://registry.npmjs.org/dev
22 verbose request no auth needed
23 info attempt registry request try #1 at 2:51:14 PM
24 verbose request id ea86707ccfcaf749
25 http request GET https://registry.npmjs.org/dev
26 verbose request uri https://registry.npmjs.org/webpack
27 verbose request no auth needed
28 info attempt registry request try #1 at 2:51:14 PM
29 verbose etag "5W3JE2SGKZ8WTKWFFNDCSGD0K"
30 http request GET https://registry.npmjs.org/webpack
31 http 200 https://registry.npmjs.org/dev
32 verbose headers { server: 'CouchDB/1.5.0 (Erlang OTP/R16B03)',
32 verbose headers   etag: '"1IXHO1N7055AS1MX28FXY9674"',
32 verbose headers   'content-type': 'application/json',
32 verbose headers   'content-encoding': 'gzip',
32 verbose headers   'cache-control': 'max-age=300',
32 verbose headers   'content-length': '1394',
32 verbose headers   'accept-ranges': 'bytes',
32 verbose headers   date: 'Fri, 04 Nov 2016 18:51:14 GMT',
32 verbose headers   via: '1.1 varnish',
32 verbose headers   age: '0',
32 verbose headers   connection: 'keep-alive',
32 verbose headers   'x-served-by': 'cache-iad2145-IAD',
32 verbose headers   'x-cache': 'HIT',
32 verbose headers   'x-cache-hits': '1',
32 verbose headers   'x-timer': 'S1478285474.257701,VS0,VE77',
32 verbose headers   vary: 'Accept-Encoding' }
33 silly get cb [ 200,
33 silly get   { server: 'CouchDB/1.5.0 (Erlang OTP/R16B03)',
33 silly get     etag: '"1IXHO1N7055AS1MX28FXY9674"',
33 silly get     'content-type': 'application/json',
33 silly get     'content-encoding': 'gzip',
33 silly get     'cache-control': 'max-age=300',
33 silly get     'content-length': '1394',
33 silly get     'accept-ranges': 'bytes',
33 silly get     date: 'Fri, 04 Nov 2016 18:51:14 GMT',
33 silly get     via: '1.1 varnish',
33 silly get     age: '0',
33 silly get     connection: 'keep-alive',
33 silly get     'x-served-by': 'cache-iad2145-IAD',
33 silly get     'x-cache': 'HIT',
33 silly get     'x-cache-hits': '1',
33 silly get     'x-timer': 'S1478285474.257701,VS0,VE77',
33 silly get     vary: 'Accept-Encoding' } ]
34 verbose get saving dev to /Users/lizswain/.npm/registry.npmjs.org/dev/.cache.json
35 verbose correctMkdir /Users/lizswain/.npm correctMkdir not in flight; initializing
36 http 200 https://registry.npmjs.org/webpack
37 verbose headers { server: 'CouchDB/1.5.0 (Erlang OTP/R16B03)',
37 verbose headers   etag: '"CKMAMPV8EOKR4PKM436697N04"',
37 verbose headers   'content-type': 'application/json',
37 verbose headers   'content-encoding': 'gzip',
37 verbose headers   'cache-control': 'max-age=300',
37 verbose headers   'content-length': '67432',
37 verbose headers   'accept-ranges': 'bytes',
37 verbose headers   date: 'Fri, 04 Nov 2016 18:51:14 GMT',
37 verbose headers   via: '1.1 varnish',
37 verbose headers   age: '177',
37 verbose headers   connection: 'keep-alive',
37 verbose headers   'x-served-by': 'cache-iad2643-IAD',
37 verbose headers   'x-cache': 'HIT',
37 verbose headers   'x-cache-hits': '2',
37 verbose headers   'x-timer': 'S1478285474.281325,VS0,VE0',
37 verbose headers   vary: 'Accept-Encoding' }
38 silly get cb [ 200,
38 silly get   { server: 'CouchDB/1.5.0 (Erlang OTP/R16B03)',
38 silly get     etag: '"CKMAMPV8EOKR4PKM436697N04"',
38 silly get     'content-type': 'application/json',
38 silly get     'content-encoding': 'gzip',
38 silly get     'cache-control': 'max-age=300',
38 silly get     'content-length': '67432',
38 silly get     'accept-ranges': 'bytes',
38 silly get     date: 'Fri, 04 Nov 2016 18:51:14 GMT',
38 silly get     via: '1.1 varnish',
38 silly get     age: '177',
38 silly get     connection: 'keep-alive',
38 silly get     'x-served-by': 'cache-iad2643-IAD',
38 silly get     'x-cache': 'HIT',
38 silly get     'x-cache-hits': '2',
38 silly get     'x-timer': 'S1478285474.281325,VS0,VE0',
38 silly get     vary: 'Accept-Encoding' } ]
39 verbose get saving webpack to /Users/lizswain/.npm/registry.npmjs.org/webpack/.cache.json
40 verbose correctMkdir /Users/lizswain/.npm correctMkdir not in flight; initializing
41 silly install normalizeTree
42 silly loadCurrentTree Finishing
43 silly loadIdealTree Starting
44 silly install loadIdealTree
45 silly cloneCurrentTree Starting
46 silly install cloneCurrentTreeToIdealTree
47 silly cloneCurrentTree Finishing
48 silly loadShrinkwrap Starting
49 silly install loadShrinkwrap
50 silly loadShrinkwrap Finishing
51 silly loadAllDepsIntoIdealTree Starting
52 silly install loadAllDepsIntoIdealTree
53 silly resolveWithNewModule dev@0.1.3 checking installable status
54 silly cache add args [ 'dev', null ]
55 verbose cache add spec dev
56 silly resolveWithNewModule webpack@1.13.3 checking installable status
57 silly cache add args [ 'webpack', null ]
58 verbose cache add spec webpack
59 silly cache add parsed spec Result {
59 silly cache add   raw: 'dev',
59 silly cache add   scope: null,
59 silly cache add   escapedName: 'dev',
59 silly cache add   name: 'dev',
59 silly cache add   rawSpec: '',
59 silly cache add   spec: 'latest',
59 silly cache add   type: 'tag' }
60 silly addNamed dev@latest
61 verbose addNamed "latest" is being treated as a dist-tag for dev
62 info addNameTag [ 'dev', 'latest' ]
63 silly mapToRegistry name dev
64 silly mapToRegistry using default registry
65 silly mapToRegistry registry https://registry.npmjs.org/
66 silly mapToRegistry data Result {
66 silly mapToRegistry   raw: 'dev',
66 silly mapToRegistry   scope: null,
66 silly mapToRegistry   escapedName: 'dev',
66 silly mapToRegistry   name: 'dev',
66 silly mapToRegistry   rawSpec: '',
66 silly mapToRegistry   spec: 'latest',
66 silly mapToRegistry   type: 'tag' }
67 silly mapToRegistry uri https://registry.npmjs.org/dev
68 verbose addNameTag registry:https://registry.npmjs.org/dev not in flight; fetching
69 silly cache add parsed spec Result {
69 silly cache add   raw: 'webpack',
69 silly cache add   scope: null,
69 silly cache add   escapedName: 'webpack',
69 silly cache add   name: 'webpack',
69 silly cache add   rawSpec: '',
69 silly cache add   spec: 'latest',
69 silly cache add   type: 'tag' }
70 silly addNamed webpack@latest
71 verbose addNamed "latest" is being treated as a dist-tag for webpack
72 info addNameTag [ 'webpack', 'latest' ]
73 silly mapToRegistry name webpack
74 silly mapToRegistry using default registry
75 silly mapToRegistry registry https://registry.npmjs.org/
76 silly mapToRegistry data Result {
76 silly mapToRegistry   raw: 'webpack',
76 silly mapToRegistry   scope: null,
76 silly mapToRegistry   escapedName: 'webpack',
76 silly mapToRegistry   name: 'webpack',
76 silly mapToRegistry   rawSpec: '',
76 silly mapToRegistry   spec: 'latest',
76 silly mapToRegistry   type: 'tag' }
77 silly mapToRegistry uri https://registry.npmjs.org/webpack
78 verbose addNameTag registry:https://registry.npmjs.org/webpack not in flight; fetching
79 verbose get https://registry.npmjs.org/dev not expired, no request
80 silly addNameTag next cb for dev with tag latest
81 silly addNamed dev@0.1.3
82 verbose addNamed "0.1.3" is a plain semver version for dev
83 verbose get https://registry.npmjs.org/webpack not expired, no request
84 silly addNameTag next cb for webpack with tag latest
85 silly addNamed webpack@1.13.3
86 verbose addNamed "1.13.3" is a plain semver version for webpack
87 silly mapToRegistry name dev
88 silly mapToRegistry using default registry
89 silly mapToRegistry registry https://registry.npmjs.org/
90 silly mapToRegistry data Result {
90 silly mapToRegistry   raw: 'dev',
90 silly mapToRegistry   scope: null,
90 silly mapToRegistry   escapedName: 'dev',
90 silly mapToRegistry   name: 'dev',
90 silly mapToRegistry   rawSpec: '',
90 silly mapToRegistry   spec: 'latest',
90 silly mapToRegistry   type: 'tag' }
91 silly mapToRegistry uri https://registry.npmjs.org/dev
92 verbose addRemoteTarball https://registry.npmjs.org/dev/-/dev-0.1.3.tgz not in flight; adding
93 verbose addRemoteTarball [ 'https://registry.npmjs.org/dev/-/dev-0.1.3.tgz',
93 verbose addRemoteTarball   '89fdc08705e0e7eaef92d012e26751e4d744322a' ]
94 info retry fetch attempt 1 at 2:51:14 PM
95 info attempt registry request try #1 at 2:51:14 PM
96 http fetch GET https://registry.npmjs.org/dev/-/dev-0.1.3.tgz
97 silly cache afterAdd webpack@1.13.3
98 verbose afterAdd /Users/lizswain/.npm/webpack/1.13.3/package/package.json not in flight; writing
99 verbose correctMkdir /Users/lizswain/.npm correctMkdir not in flight; initializing
100 verbose afterAdd /Users/lizswain/.npm/webpack/1.13.3/package/package.json written
101 http fetch 200 https://registry.npmjs.org/dev/-/dev-0.1.3.tgz
102 silly fetchAndShaCheck shasum 89fdc08705e0e7eaef92d012e26751e4d744322a
103 verbose addTmpTarball /var/folders/nc/tzz76t7x1jqbzzdrmyz7hvlw0000gn/T/npm-7502-d232fb38/registry.npmjs.org/dev/-/dev-0.1.3.tgz not in flight; adding
104 verbose addTmpTarball already have metadata; skipping unpack for dev@0.1.3
105 verbose correctMkdir /Users/lizswain/.npm correctMkdir not in flight; initializing
106 silly cache afterAdd dev@0.1.3
107 verbose afterAdd /Users/lizswain/.npm/dev/0.1.3/package/package.json not in flight; writing
108 verbose correctMkdir /Users/lizswain/.npm correctMkdir not in flight; initializing
109 verbose afterAdd /Users/lizswain/.npm/dev/0.1.3/package/package.json written
110 silly fetchNamedPackageData inotify
111 silly mapToRegistry name inotify
112 silly mapToRegistry using default registry
113 silly mapToRegistry registry https://registry.npmjs.org/
114 silly mapToRegistry data Result {
114 silly mapToRegistry   raw: 'inotify',
114 silly mapToRegistry   scope: null,
114 silly mapToRegistry   escapedName: 'inotify',
114 silly mapToRegistry   name: 'inotify',
114 silly mapToRegistry   rawSpec: '',
114 silly mapToRegistry   spec: 'latest',
114 silly mapToRegistry   type: 'tag' }
115 silly mapToRegistry uri https://registry.npmjs.org/inotify
116 verbose request uri https://registry.npmjs.org/inotify
117 verbose request no auth needed
118 info attempt registry request try #1 at 2:51:14 PM
119 http request GET https://registry.npmjs.org/inotify
120 http 200 https://registry.npmjs.org/inotify
121 verbose headers { server: 'CouchDB/1.5.0 (Erlang OTP/R16B03)',
121 verbose headers   etag: '"2V1LOI5CGQOOFRYZZ7CR6I1W2"',
121 verbose headers   'content-type': 'application/json',
121 verbose headers   'content-encoding': 'gzip',
121 verbose headers   'cache-control': 'max-age=300',
121 verbose headers   'content-length': '6583',
121 verbose headers   'accept-ranges': 'bytes',
121 verbose headers   date: 'Fri, 04 Nov 2016 18:51:14 GMT',
121 verbose headers   via: '1.1 varnish',
121 verbose headers   age: '0',
121 verbose headers   connection: 'keep-alive',
121 verbose headers   'x-served-by': 'cache-iad2643-IAD',
121 verbose headers   'x-cache': 'HIT',
121 verbose headers   'x-cache-hits': '1',
121 verbose headers   'x-timer': 'S1478285474.645700,VS0,VE96',
121 verbose headers   vary: 'Accept-Encoding' }
122 silly get cb [ 200,
122 silly get   { server: 'CouchDB/1.5.0 (Erlang OTP/R16B03)',
122 silly get     etag: '"2V1LOI5CGQOOFRYZZ7CR6I1W2"',
122 silly get     'content-type': 'application/json',
122 silly get     'content-encoding': 'gzip',
122 silly get     'cache-control': 'max-age=300',
122 silly get     'content-length': '6583',
122 silly get     'accept-ranges': 'bytes',
122 silly get     date: 'Fri, 04 Nov 2016 18:51:14 GMT',
122 silly get     via: '1.1 varnish',
122 silly get     age: '0',
122 silly get     connection: 'keep-alive',
122 silly get     'x-served-by': 'cache-iad2643-IAD',
122 silly get     'x-cache': 'HIT',
122 silly get     'x-cache-hits': '1',
122 silly get     'x-timer': 'S1478285474.645700,VS0,VE96',
122 silly get     vary: 'Accept-Encoding' } ]
123 verbose get saving inotify to /Users/lizswain/.npm/registry.npmjs.org/inotify/.cache.json
124 verbose correctMkdir /Users/lizswain/.npm correctMkdir not in flight; initializing
125 silly resolveWithNewModule inotify@1.4.1 checking installable status
126 silly rollbackFailedOptional Starting
127 silly rollbackFailedOptional Finishing
128 silly runTopLevelLifecycles Starting
129 silly runTopLevelLifecycles Finishing
130 silly install printInstalled
131 verbose stack Error: Unsupported platform for inotify@1.4.1: wanted {"name":"inotify","version":"1.4.1","author":{"name":"Camilo Aguilar","email":"camilo.aguilar@gmail.com"},"email":"camilo.aguilar@gmail.com","keywords":["inotify","watch","monitor","watch files","watch directories"],"license":"MIT","description":"inotify bindings for v8 javascript engine","repository":{"type":"git","url":"git+ssh://git@github.com/c4milo/node-inotify.git"},"os":["linux"],"engines":{"node":">=0.8"},"main":"inotify","dependencies":{"bindings":"^1.2.1","nan":"^2.3.3"},"scripts":{"test":"node-gyp configure build","install":"node-gyp rebuild"},"gypfile":true,"contributors":[{"name":"Adrian Estrada","email":"edsadr@gmail.com"},{"name":"Alexander Makarenko","email":"estliberitas@gmail.com"},{"name":"Brian Ingalls","email":"bingalls@compete.com"},{"name":"Brian White","email":"mscdex@mscdex.net"},{"name":"Camilo Aguilar","email":"camilo.aguilar@gmail.com"},{"name":"Dan VerWeire","email":"dverweire@gmail.com"},{"name":"FrozenCow","email":"frozencow@gmail.com"},{"name":"Michael Boe","email":"mschuylerb@gmail.com"},{"name":"Yannick Croissant","email":"k1der.country@free.fr"},{"name":"ikokostya","email":"ikokostya@gmail.com"}],"gitHead":"c1416dfada3ca4f3fb40e65eededc52461822ec5","bugs":{"url":"https://github.com/c4milo/node-inotify/issues"},"homepage":"https://github.com/c4milo/node-inotify#readme","_id":"inotify@1.4.1","_shasum":"8abdeb7ee9cbc291542a252df00d848b2a8f9287","_from":"inotify@>= 0.1.6","_npmVersion":"3.8.6","_nodeVersion":"5.11.0","_npmUser":{"name":"c4milo","email":"camilo.aguilar@gmail.com"},"maintainers":[{"name":"camilo","email":"camilo@cloudescape.com"},{"name":"c4milo","email":"camilo.aguilar@gmail.com"}],"dist":{"shasum":"8abdeb7ee9cbc291542a252df00d848b2a8f9287","tarball":"https://registry.npmjs.org/inotify/-/inotify-1.4.1.tgz"},"_npmOperationalInternal":{"host":"packages-16-east.internal.npmjs.com","tmp":"tmp/inotify-1.4.1.tgz_1462444544613_0.7660284182056785"},"directories":{},"_resolved":"https://registry.npmjs.org/inotify/-/inotify-1.4.1.tgz","_requested":{"raw":"inotify@>= 0.1.6","scope":null,"escapedName":"inotify","name":"inotify","rawSpec":">= 0.1.6","spec":">=0.1.6","type":"range"},"_spec":"inotify@>= 0.1.6","_where":"/Users/lizswain/sites/github-notetaker/node_modules/dev","_args":[[{"raw":"inotify@>= 0.1.6","scope":null,"escapedName":"inotify","name":"inotify","rawSpec":">= 0.1.6","spec":">=0.1.6","type":"range"},"/Users/lizswain/sites/github-notetaker/node_modules/dev"]],"readme":"ERROR: No README data found!"} (current: {"os":"darwin","cpu":"x64"})
131 verbose stack     at checkPlatform (/usr/local/lib/node_modules/npm/node_modules/npm-install-checks/index.js:45:14)
131 verbose stack     at thenWarnEngineIssues (/usr/local/lib/node_modules/npm/lib/install/validate-args.js:41:5)
131 verbose stack     at /usr/local/lib/node_modules/npm/node_modules/iferr/index.js:13:50
131 verbose stack     at checkEngine (/usr/local/lib/node_modules/npm/node_modules/npm-install-checks/index.js:24:10)
131 verbose stack     at module.exports.isInstallable (/usr/local/lib/node_modules/npm/lib/install/validate-args.js:38:3)
131 verbose stack     at resolveWithNewModule (/usr/local/lib/node_modules/npm/lib/install/deps.js:522:12)
131 verbose stack     at /usr/local/lib/node_modules/npm/lib/install/deps.js:516:7
131 verbose stack     at /usr/local/lib/node_modules/npm/node_modules/iferr/index.js:13:50
131 verbose stack     at /usr/local/lib/node_modules/npm/lib/fetch-package-metadata.js:37:12
131 verbose stack     at addRequestedAndFinish (/usr/local/lib/node_modules/npm/lib/fetch-package-metadata.js:67:5)
132 verbose pkgid inotify@1.4.1
133 verbose cwd /Users/lizswain/sites/github-notetaker
134 error Darwin 15.5.0
135 error argv "/usr/local/Cellar/node/6.3.1/bin/node" "/usr/local/bin/npm" "install" "--sav" "dev" "webpack"
136 error node v6.3.1
137 error npm  v3.10.3
138 error code EBADPLATFORM
139 error notsup Not compatible with your operating system or architecture: inotify@1.4.1
140 error notsup Valid OS:    linux
140 error notsup Valid Arch:  any
140 error notsup Actual OS:   darwin
140 error notsup Actual Arch: x64
141 verbose exit [ 1, true ]
